<?xml version="1.0" encoding="UTF-8"?>
<coverage generated="1739653801278" clover="3.2.0">
  <project timestamp="1739653801278" name="All files">
    <metrics statements="7" coveredstatements="7" conditionals="9" coveredconditionals="9" methods="3" coveredmethods="3" elements="19" coveredelements="19" complexity="0" loc="7" ncloc="7" packages="1" files="1" classes="1"/>
    <file name="utils.js" path="/Users/kamrul/SocialMediaLogin/server/utils.js">
      <metrics statements="7" coveredstatements="7" conditionals="9" coveredconditionals="9" methods="3" coveredmethods="3"/>
      <line num="3" count="5" type="cond" truecount="5" falsecount="0"/>
      <line num="4" count="2" type="stmt"/>
      <line num="6" count="3" type="cond" truecount="4" falsecount="0"/>
      <line num="7" count="2" type="stmt"/>
      <line num="9" count="1" type="stmt"/>
      <line num="14" count="2" type="stmt"/>
      <line num="17" count="1" type="stmt"/>
    </file>
  </project>
</coverage>
