{"/Users/kamrul/SocialMediaLogin/server/utils.js": {"path":"/Users/kamrul/SocialMediaLogin/server/utils.js","statementMap":{"0":{"start":{"line":3,"column":4},"end":{"line":5,"column":5}},"1":{"start":{"line":4,"column":6},"end":{"line":4,"column":19}},"2":{"start":{"line":6,"column":4},"end":{"line":8,"column":5}},"3":{"start":{"line":7,"column":6},"end":{"line":7,"column":19}},"4":{"start":{"line":9,"column":4},"end":{"line":9,"column":16}},"5":{"start":{"line":14,"column":4},"end":{"line":14,"column":48}},"6":{"start":{"line":14,"column":32},"end":{"line":14,"column":46}},"7":{"start":{"line":17,"column":2},"end":{"line":17,"column":47}}},"fnMap":{"0":{"name":"isValidItem","decl":{"start":{"line":2,"column":9},"end":{"line":2,"column":20}},"loc":{"start":{"line":2,"column":27},"end":{"line":10,"column":3}},"line":2},"1":{"name":"itemExists","decl":{"start":{"line":13,"column":11},"end":{"line":13,"column":21}},"loc":{"start":{"line":13,"column":33},"end":{"line":15,"column":3}},"line":13},"2":{"name":"(anonymous_2)","decl":{"start":{"line":14,"column":22},"end":{"line":14,"column":23}},"loc":{"start":{"line":14,"column":32},"end":{"line":14,"column":46}},"line":14}},"branchMap":{"0":{"loc":{"start":{"line":3,"column":4},"end":{"line":5,"column":5}},"type":"if","locations":[{"start":{"line":3,"column":4},"end":{"line":5,"column":5}},{"start":{},"end":{}}],"line":3},"1":{"loc":{"start":{"line":3,"column":8},"end":{"line":3,"column":39}},"type":"binary-expr","locations":[{"start":{"line":3,"column":8},"end":{"line":3,"column":13}},{"start":{"line":3,"column":17},"end":{"line":3,"column":25}},{"start":{"line":3,"column":29},"end":{"line":3,"column":39}}],"line":3},"2":{"loc":{"start":{"line":6,"column":4},"end":{"line":8,"column":5}},"type":"if","locations":[{"start":{"line":6,"column":4},"end":{"line":8,"column":5}},{"start":{},"end":{}}],"line":6},"3":{"loc":{"start":{"line":6,"column":8},"end":{"line":6,"column":63}},"type":"binary-expr","locations":[{"start":{"line":6,"column":8},"end":{"line":6,"column":37}},{"start":{"line":6,"column":41},"end":{"line":6,"column":63}}],"line":6}},"s":{"0":5,"1":2,"2":3,"3":2,"4":1,"5":2,"6":2,"7":1},"f":{"0":5,"1":2,"2":2},"b":{"0":[2,3],"1":[5,5,4],"2":[2,1],"3":[3,2]},"_coverageSchema":"1a1c01bbd47fc00a2c39e90264f33305004495a9","hash":"ee0ca5b5197e284f854a7983e431620986bedc05"}
}
